<?xml version="1.0" encoding="UTF-8"?>
<testng-results total="2" passed="0" failed="0" skipped="2">
  <reporter-output>
  </reporter-output>
  <suite started-at="2022-01-01T11:28:31Z" name="Default suite" finished-at="2022-01-01T11:28:48Z" duration-ms="17265">
    <groups>
    </groups>
    <test started-at="2022-01-01T11:28:31Z" name="Default test" finished-at="2022-01-01T11:28:48Z" duration-ms="17265">
      <class name="TestCases.TestCase1">
        <test-method is-config="true" signature="loadchromebrowser()[pri:0, instance:TestCases.TestCase1@4b29d1d2]" started-at="2022-01-01T16:58:31Z" name="loadchromebrowser" finished-at="2022-01-01T16:58:31Z" duration-ms="0" status="FAIL">
          <exception class="org.openqa.selenium.SessionNotCreatedException">
            <message>
              <![CDATA[Could not start a new session. Response code 500. Message: session not created: This version of ChromeDriver only supports Chrome version 87
Current browser version is 96.0.4664.110 with binary path C:\Users\Ishan\AppData\Local\Google\Chrome\Application\chrome.exe
Build info: version: '4.1.1', revision: 'e8fcc2cecf'
System info: host: 'DESKTOP-G7980L0', ip: '10.0.75.1', os.name: 'Windows 10', os.arch: 'amd64', os.version: '10.0', java.version: '13.0.2'
Driver info: org.openqa.selenium.chrome.ChromeDriver
Command: [null, newSession {capabilities=[Capabilities {browserName: chrome, goog:chromeOptions: {args: [], extensions: []}}], desiredCapabilities=Capabilities {browserName: chrome, goog:chromeOptions: {args: [], extensions: []}}}]]]>
            </message>
            <full-stacktrace>
              <![CDATA[org.openqa.selenium.SessionNotCreatedException: Could not start a new session. Response code 500. Message: session not created: This version of ChromeDriver only supports Chrome version 87
Current browser version is 96.0.4664.110 with binary path C:\Users\Ishan\AppData\Local\Google\Chrome\Application\chrome.exe
Build info: version: '4.1.1', revision: 'e8fcc2cecf'
System info: host: 'DESKTOP-G7980L0', ip: '10.0.75.1', os.name: 'Windows 10', os.arch: 'amd64', os.version: '10.0', java.version: '13.0.2'
Driver info: org.openqa.selenium.chrome.ChromeDriver
Command: [null, newSession {capabilities=[Capabilities {browserName: chrome, goog:chromeOptions: {args: [], extensions: []}}], desiredCapabilities=Capabilities {browserName: chrome, goog:chromeOptions: {args: [], extensions: []}}}]
	at org.openqa.selenium.remote.ProtocolHandshake.createSession(ProtocolHandshake.java:126)
	at org.openqa.selenium.remote.ProtocolHandshake.createSession(ProtocolHandshake.java:84)
	at org.openqa.selenium.remote.ProtocolHandshake.createSession(ProtocolHandshake.java:62)
	at org.openqa.selenium.remote.HttpCommandExecutor.execute(HttpCommandExecutor.java:156)
	at org.openqa.selenium.remote.service.DriverCommandExecutor.invokeExecute(DriverCommandExecutor.java:167)
	at org.openqa.selenium.remote.service.DriverCommandExecutor.execute(DriverCommandExecutor.java:142)
	at org.openqa.selenium.remote.RemoteWebDriver.execute(RemoteWebDriver.java:543)
	at org.openqa.selenium.remote.RemoteWebDriver.startSession(RemoteWebDriver.java:230)
	at org.openqa.selenium.remote.RemoteWebDriver.<init>(RemoteWebDriver.java:151)
	at org.openqa.selenium.chromium.ChromiumDriver.<init>(ChromiumDriver.java:108)
	at org.openqa.selenium.chrome.ChromeDriver.<init>(ChromeDriver.java:104)
	at org.openqa.selenium.chrome.ChromeDriver.<init>(ChromeDriver.java:91)
	at org.openqa.selenium.chrome.ChromeDriver.<init>(ChromeDriver.java:46)
	at initiatebrowers.Initatebrowers.loadchromebrowser(Initatebrowers.java:21)
	at java.base/jdk.internal.reflect.NativeMethodAccessorImpl.invoke0(Native Method)
	at java.base/jdk.internal.reflect.NativeMethodAccessorImpl.invoke(NativeMethodAccessorImpl.java:62)
	at java.base/jdk.internal.reflect.DelegatingMethodAccessorImpl.invoke(DelegatingMethodAccessorImpl.java:43)
	at java.base/java.lang.reflect.Method.invoke(Method.java:567)
	at org.testng.internal.MethodInvocationHelper.invokeMethod(MethodInvocationHelper.java:85)
	at org.testng.internal.Invoker.invokeConfigurationMethod(Invoker.java:510)
	at org.testng.internal.Invoker.invokeConfigurations(Invoker.java:211)
	at org.testng.internal.Invoker.invokeConfigurations(Invoker.java:138)
	at org.testng.internal.TestMethodWorker.invokeBeforeClassMethods(TestMethodWorker.java:170)
	at org.testng.internal.TestMethodWorker.run(TestMethodWorker.java:104)
	at org.testng.TestRunner.privateRun(TestRunner.java:774)
	at org.testng.TestRunner.run(TestRunner.java:624)
	at org.testng.SuiteRunner.runTest(SuiteRunner.java:359)
	at org.testng.SuiteRunner.runSequentially(SuiteRunner.java:354)
	at org.testng.SuiteRunner.privateRun(SuiteRunner.java:312)
	at org.testng.SuiteRunner.run(SuiteRunner.java:261)
	at org.testng.SuiteRunnerWorker.runSuite(SuiteRunnerWorker.java:52)
	at org.testng.SuiteRunnerWorker.run(SuiteRunnerWorker.java:86)
	at org.testng.TestNG.runSuitesSequentially(TestNG.java:1191)
	at org.testng.TestNG.runSuitesLocally(TestNG.java:1116)
	at org.testng.TestNG.run(TestNG.java:1024)
	at org.testng.remote.AbstractRemoteTestNG.run(AbstractRemoteTestNG.java:115)
	at org.testng.remote.RemoteTestNG.initAndRun(RemoteTestNG.java:251)
	at org.testng.remote.RemoteTestNG.main(RemoteTestNG.java:77)
]]>
            </full-stacktrace>
          </exception> <!-- org.openqa.selenium.SessionNotCreatedException -->
          <reporter-output>
          </reporter-output>
        </test-method> <!-- loadchromebrowser -->
        <test-method signature="login()[pri:0, instance:TestCases.TestCase1@4b29d1d2]" started-at="2022-01-01T16:58:48Z" name="login" finished-at="2022-01-01T16:58:48Z" duration-ms="3" status="SKIP">
          <reporter-output>
          </reporter-output>
        </test-method> <!-- login -->
      </class> <!-- TestCases.TestCase1 -->
      <class name="TestCases.TestCase2">
        <test-method is-config="true" signature="loadchromebrowser()[pri:0, instance:TestCases.TestCase2@7f485fda]" started-at="2022-01-01T16:58:48Z" name="loadchromebrowser" finished-at="2022-01-01T16:58:48Z" duration-ms="0" status="SKIP">
          <reporter-output>
          </reporter-output>
        </test-method> <!-- loadchromebrowser -->
        <test-method signature="clicksearchbutton()[pri:0, instance:TestCases.TestCase2@7f485fda]" started-at="2022-01-01T16:58:48Z" name="clicksearchbutton" finished-at="2022-01-01T16:58:48Z" duration-ms="3" status="SKIP">
          <reporter-output>
          </reporter-output>
        </test-method> <!-- clicksearchbutton -->
      </class> <!-- TestCases.TestCase2 -->
    </test> <!-- Default test -->
  </suite> <!-- Default suite -->
</testng-results>
